This is pdfTeX, Version 3.141592653-2.6-1.40.24 (MiKTeX 22.1) (preloaded format=pdflatex 2022.3.13)  27 JUN 2022 11:28
entering extended mode
 restricted \write18 enabled.
 %&-line parsing enabled.
**./STP_semestralka02_referat.tex
(STP_semestralka02_referat.tex
LaTeX2e <2021-11-15> patch level 1
L3 programming layer <2022-02-21>
(C:\Users\Filip_Jasek\AppData\Local\Programs\MiKTeX\tex/latex/base\article.cls
Document Class: article 2021/10/04 v1.4n Standard LaTeX document class
(C:\Users\Filip_Jasek\AppData\Local\Programs\MiKTeX\tex/latex/base\size10.clo
File: size10.clo 2021/10/04 v1.4n Standard LaTeX file (size option)
)
\c@part=\count185
\c@section=\count186
\c@subsection=\count187
\c@subsubsection=\count188
\c@paragraph=\count189
\c@subparagraph=\count190
\c@figure=\count191
\c@table=\count192
\abovecaptionskip=\skip47
\belowcaptionskip=\skip48
\bibindent=\dimen138
)
(C:\Users\Filip_Jasek\AppData\Local\Programs\MiKTeX\tex/latex/psnfss\mathptmx.s
ty
Package: mathptmx 2020/03/25 PSNFSS-v9.3 Times w/ Math, improved (SPQR, WaS) 
LaTeX Font Info:    Redeclaring symbol font `operators' on input line 28.
LaTeX Font Info:    Overwriting symbol font `operators' in version `normal'
(Font)                  OT1/cmr/m/n --> OT1/ztmcm/m/n on input line 28.
LaTeX Font Info:    Overwriting symbol font `operators' in version `bold'
(Font)                  OT1/cmr/bx/n --> OT1/ztmcm/m/n on input line 28.
LaTeX Font Info:    Redeclaring symbol font `letters' on input line 29.
LaTeX Font Info:    Overwriting symbol font `letters' in version `normal'
(Font)                  OML/cmm/m/it --> OML/ztmcm/m/it on input line 29.
LaTeX Font Info:    Overwriting symbol font `letters' in version `bold'
(Font)                  OML/cmm/b/it --> OML/ztmcm/m/it on input line 29.
LaTeX Font Info:    Redeclaring symbol font `symbols' on input line 30.
LaTeX Font Info:    Overwriting symbol font `symbols' in version `normal'
(Font)                  OMS/cmsy/m/n --> OMS/ztmcm/m/n on input line 30.
LaTeX Font Info:    Overwriting symbol font `symbols' in version `bold'
(Font)                  OMS/cmsy/b/n --> OMS/ztmcm/m/n on input line 30.
LaTeX Font Info:    Redeclaring symbol font `largesymbols' on input line 31.
LaTeX Font Info:    Overwriting symbol font `largesymbols' in version `normal'
(Font)                  OMX/cmex/m/n --> OMX/ztmcm/m/n on input line 31.
LaTeX Font Info:    Overwriting symbol font `largesymbols' in version `bold'
(Font)                  OMX/cmex/m/n --> OMX/ztmcm/m/n on input line 31.
\symbold=\mathgroup4
\symitalic=\mathgroup5
LaTeX Font Info:    Redeclaring math alphabet \mathbf on input line 34.
LaTeX Font Info:    Overwriting math alphabet `\mathbf' in version `normal'
(Font)                  OT1/cmr/bx/n --> OT1/ptm/bx/n on input line 34.
LaTeX Font Info:    Overwriting math alphabet `\mathbf' in version `bold'
(Font)                  OT1/cmr/bx/n --> OT1/ptm/bx/n on input line 34.
LaTeX Font Info:    Redeclaring math alphabet \mathit on input line 35.
LaTeX Font Info:    Overwriting math alphabet `\mathit' in version `normal'
(Font)                  OT1/cmr/m/it --> OT1/ptm/m/it on input line 35.
LaTeX Font Info:    Overwriting math alphabet `\mathit' in version `bold'
(Font)                  OT1/cmr/bx/it --> OT1/ptm/m/it on input line 35.
LaTeX Info: Redefining \hbar on input line 50.
)
(C:\Users\Filip_Jasek\AppData\Local\Programs\MiKTeX\tex/generic/babel\babel.sty
Package: babel 2022/02/13 3.71 The Babel package
\babel@savecnt=\count193
\U@D=\dimen139
\l@unhyphenated=\language79

(C:\Users\Filip_Jasek\AppData\Local\Programs\MiKTeX\tex/generic/babel\txtbabel.
def)
\bbl@readstream=\read2
\bbl@dirlevel=\count194

*************************************
* Local config file bblopts.cfg used
*

(C:\Users\Filip_Jasek\AppData\Local\Programs\MiKTeX\tex/latex/arabi\bblopts.cfg
File: bblopts.cfg 2005/09/08 v0.1 add Arabic and Farsi to "declared" options of
 babel
)
(C:\Users\Filip_Jasek\AppData\Local\Programs\MiKTeX\tex/latex/babel-czech\czech
.ldf
Language: czech 2008/07/06 v3.1a Czech support from the babel system
Package babel Info: Making " an active character on input line 172.
\cs@wordlen=\count195
Package babel Info: Making - an active character on input line 226.
))
(C:\Users\Filip_Jasek\AppData\Local\Programs\MiKTeX\tex/latex/base\inputenc.sty
Package: inputenc 2021/02/14 v1.3d Input encoding file
\inpenc@prehook=\toks16
\inpenc@posthook=\toks17
)
(C:\Users\Filip_Jasek\AppData\Local\Programs\MiKTeX\tex/latex/graphics\graphicx
.sty
Package: graphicx 2021/09/16 v1.2d Enhanced LaTeX Graphics (DPC,SPQR)

(C:\Users\Filip_Jasek\AppData\Local\Programs\MiKTeX\tex/latex/graphics\keyval.s
ty
Package: keyval 2014/10/28 v1.15 key=value parser (DPC)
\KV@toks@=\toks18
)
(C:\Users\Filip_Jasek\AppData\Local\Programs\MiKTeX\tex/latex/graphics\graphics
.sty
Package: graphics 2021/03/04 v1.4d Standard LaTeX Graphics (DPC,SPQR)

(C:\Users\Filip_Jasek\AppData\Local\Programs\MiKTeX\tex/latex/graphics\trig.sty
Package: trig 2021/08/11 v1.11 sin cos tan (DPC)
)
(C:\Users\Filip_Jasek\AppData\Local\Programs\MiKTeX\tex/latex/graphics-cfg\grap
hics.cfg
File: graphics.cfg 2016/06/04 v1.11 sample graphics configuration
)
Package graphics Info: Driver file: pdftex.def on input line 107.

(C:\Users\Filip_Jasek\AppData\Local\Programs\MiKTeX\tex/latex/graphics-def\pdft
ex.def
File: pdftex.def 2020/10/05 v1.2a Graphics/color driver for pdftex
))
\Gin@req@height=\dimen140
\Gin@req@width=\dimen141
)
(C:\Users\Filip_Jasek\AppData\Local\Programs\MiKTeX\tex/latex/pgfplots\pgfplots
.sty
(C:\Users\Filip_Jasek\AppData\Local\Programs\MiKTeX\tex/generic/pgfplots\pgfplo
ts.revision.tex)
Package: pgfplots 2021/05/15 v1.18.1 Data Visualization (1.18.1)

(C:\Users\Filip_Jasek\AppData\Local\Programs\MiKTeX\tex/latex/pgf/frontendlayer
\tikz.sty
(C:\Users\Filip_Jasek\AppData\Local\Programs\MiKTeX\tex/latex/pgf/basiclayer\pg
f.sty
(C:\Users\Filip_Jasek\AppData\Local\Programs\MiKTeX\tex/latex/pgf/utilities\pgf
rcs.sty
(C:\Users\Filip_Jasek\AppData\Local\Programs\MiKTeX\tex/generic/pgf/utilities\p
gfutil-common.tex
\pgfutil@everybye=\toks19
\pgfutil@tempdima=\dimen142
\pgfutil@tempdimb=\dimen143

(C:\Users\Filip_Jasek\AppData\Local\Programs\MiKTeX\tex/generic/pgf/utilities\p
gfutil-common-lists.tex))
(C:\Users\Filip_Jasek\AppData\Local\Programs\MiKTeX\tex/generic/pgf/utilities\p
gfutil-latex.def
\pgfutil@abb=\box50
)
(C:\Users\Filip_Jasek\AppData\Local\Programs\MiKTeX\tex/generic/pgf/utilities\p
gfrcs.code.tex
(C:\Users\Filip_Jasek\AppData\Local\Programs\MiKTeX\tex/generic/pgf\pgf.revisio
n.tex)
Package: pgfrcs 2021/05/15 v3.1.9a (3.1.9a)
))
Package: pgf 2021/05/15 v3.1.9a (3.1.9a)

(C:\Users\Filip_Jasek\AppData\Local\Programs\MiKTeX\tex/latex/pgf/basiclayer\pg
fcore.sty
(C:\Users\Filip_Jasek\AppData\Local\Programs\MiKTeX\tex/latex/pgf/systemlayer\p
gfsys.sty
(C:\Users\Filip_Jasek\AppData\Local\Programs\MiKTeX\tex/generic/pgf/systemlayer
\pgfsys.code.tex
Package: pgfsys 2021/05/15 v3.1.9a (3.1.9a)

(C:\Users\Filip_Jasek\AppData\Local\Programs\MiKTeX\tex/generic/pgf/utilities\p
gfkeys.code.tex
\pgfkeys@pathtoks=\toks20
\pgfkeys@temptoks=\toks21

(C:\Users\Filip_Jasek\AppData\Local\Programs\MiKTeX\tex/generic/pgf/utilities\p
gfkeysfiltered.code.tex
\pgfkeys@tmptoks=\toks22
))
\pgf@x=\dimen144
\pgf@y=\dimen145
\pgf@xa=\dimen146
\pgf@ya=\dimen147
\pgf@xb=\dimen148
\pgf@yb=\dimen149
\pgf@xc=\dimen150
\pgf@yc=\dimen151
\pgf@xd=\dimen152
\pgf@yd=\dimen153
\w@pgf@writea=\write3
\r@pgf@reada=\read3
\c@pgf@counta=\count196
\c@pgf@countb=\count197
\c@pgf@countc=\count198
\c@pgf@countd=\count199
\t@pgf@toka=\toks23
\t@pgf@tokb=\toks24
\t@pgf@tokc=\toks25
\pgf@sys@id@count=\count266

(C:\Users\Filip_Jasek\AppData\Local\Programs\MiKTeX\tex/generic/pgf/systemlayer
\pgf.cfg
File: pgf.cfg 2021/05/15 v3.1.9a (3.1.9a)
)
Driver file for pgf: pgfsys-pdftex.def

(C:\Users\Filip_Jasek\AppData\Local\Programs\MiKTeX\tex/generic/pgf/systemlayer
\pgfsys-pdftex.def
File: pgfsys-pdftex.def 2021/05/15 v3.1.9a (3.1.9a)

(C:\Users\Filip_Jasek\AppData\Local\Programs\MiKTeX\tex/generic/pgf/systemlayer
\pgfsys-common-pdf.def
File: pgfsys-common-pdf.def 2021/05/15 v3.1.9a (3.1.9a)
)))
(C:\Users\Filip_Jasek\AppData\Local\Programs\MiKTeX\tex/generic/pgf/systemlayer
\pgfsyssoftpath.code.tex
File: pgfsyssoftpath.code.tex 2021/05/15 v3.1.9a (3.1.9a)
\pgfsyssoftpath@smallbuffer@items=\count267
\pgfsyssoftpath@bigbuffer@items=\count268
)
(C:\Users\Filip_Jasek\AppData\Local\Programs\MiKTeX\tex/generic/pgf/systemlayer
\pgfsysprotocol.code.tex
File: pgfsysprotocol.code.tex 2021/05/15 v3.1.9a (3.1.9a)
))
(C:\Users\Filip_Jasek\AppData\Local\Programs\MiKTeX\tex/latex/xcolor\xcolor.sty
Package: xcolor 2021/10/31 v2.13 LaTeX color extensions (UK)

(C:\Users\Filip_Jasek\AppData\Local\Programs\MiKTeX\tex/latex/graphics-cfg\colo
r.cfg
File: color.cfg 2016/01/02 v1.6 sample color configuration
)
Package xcolor Info: Driver file: pdftex.def on input line 227.
Package xcolor Info: Model `cmy' substituted by `cmy0' on input line 1352.
Package xcolor Info: Model `hsb' substituted by `rgb' on input line 1356.
Package xcolor Info: Model `RGB' extended on input line 1368.
Package xcolor Info: Model `HTML' substituted by `rgb' on input line 1370.
Package xcolor Info: Model `Hsb' substituted by `hsb' on input line 1371.
Package xcolor Info: Model `tHsb' substituted by `hsb' on input line 1372.
Package xcolor Info: Model `HSB' substituted by `hsb' on input line 1373.
Package xcolor Info: Model `Gray' substituted by `gray' on input line 1374.
Package xcolor Info: Model `wave' substituted by `hsb' on input line 1375.
)
(C:\Users\Filip_Jasek\AppData\Local\Programs\MiKTeX\tex/generic/pgf/basiclayer\
pgfcore.code.tex
Package: pgfcore 2021/05/15 v3.1.9a (3.1.9a)

(C:\Users\Filip_Jasek\AppData\Local\Programs\MiKTeX\tex/generic/pgf/math\pgfmat
h.code.tex
(C:\Users\Filip_Jasek\AppData\Local\Programs\MiKTeX\tex/generic/pgf/math\pgfmat
hcalc.code.tex
(C:\Users\Filip_Jasek\AppData\Local\Programs\MiKTeX\tex/generic/pgf/math\pgfmat
hutil.code.tex)
(C:\Users\Filip_Jasek\AppData\Local\Programs\MiKTeX\tex/generic/pgf/math\pgfmat
hparser.code.tex
\pgfmath@dimen=\dimen154
\pgfmath@count=\count269
\pgfmath@box=\box51
\pgfmath@toks=\toks26
\pgfmath@stack@operand=\toks27
\pgfmath@stack@operation=\toks28
)
(C:\Users\Filip_Jasek\AppData\Local\Programs\MiKTeX\tex/generic/pgf/math\pgfmat
hfunctions.code.tex
(C:\Users\Filip_Jasek\AppData\Local\Programs\MiKTeX\tex/generic/pgf/math\pgfmat
hfunctions.basic.code.tex)
(C:\Users\Filip_Jasek\AppData\Local\Programs\MiKTeX\tex/generic/pgf/math\pgfmat
hfunctions.trigonometric.code.tex)
(C:\Users\Filip_Jasek\AppData\Local\Programs\MiKTeX\tex/generic/pgf/math\pgfmat
hfunctions.random.code.tex)
(C:\Users\Filip_Jasek\AppData\Local\Programs\MiKTeX\tex/generic/pgf/math\pgfmat
hfunctions.comparison.code.tex)
(C:\Users\Filip_Jasek\AppData\Local\Programs\MiKTeX\tex/generic/pgf/math\pgfmat
hfunctions.base.code.tex)
(C:\Users\Filip_Jasek\AppData\Local\Programs\MiKTeX\tex/generic/pgf/math\pgfmat
hfunctions.round.code.tex)
(C:\Users\Filip_Jasek\AppData\Local\Programs\MiKTeX\tex/generic/pgf/math\pgfmat
hfunctions.misc.code.tex)
(C:\Users\Filip_Jasek\AppData\Local\Programs\MiKTeX\tex/generic/pgf/math\pgfmat
hfunctions.integerarithmetics.code.tex)))
(C:\Users\Filip_Jasek\AppData\Local\Programs\MiKTeX\tex/generic/pgf/math\pgfmat
hfloat.code.tex
\c@pgfmathroundto@lastzeros=\count270
))
(C:\Users\Filip_Jasek\AppData\Local\Programs\MiKTeX\tex/generic/pgf/math\pgfint
.code.tex)
(C:\Users\Filip_Jasek\AppData\Local\Programs\MiKTeX\tex/generic/pgf/basiclayer\
pgfcorepoints.code.tex
File: pgfcorepoints.code.tex 2021/05/15 v3.1.9a (3.1.9a)
\pgf@picminx=\dimen155
\pgf@picmaxx=\dimen156
\pgf@picminy=\dimen157
\pgf@picmaxy=\dimen158
\pgf@pathminx=\dimen159
\pgf@pathmaxx=\dimen160
\pgf@pathminy=\dimen161
\pgf@pathmaxy=\dimen162
\pgf@xx=\dimen163
\pgf@xy=\dimen164
\pgf@yx=\dimen165
\pgf@yy=\dimen166
\pgf@zx=\dimen167
\pgf@zy=\dimen168
)
(C:\Users\Filip_Jasek\AppData\Local\Programs\MiKTeX\tex/generic/pgf/basiclayer\
pgfcorepathconstruct.code.tex
File: pgfcorepathconstruct.code.tex 2021/05/15 v3.1.9a (3.1.9a)
\pgf@path@lastx=\dimen169
\pgf@path@lasty=\dimen170
)
(C:\Users\Filip_Jasek\AppData\Local\Programs\MiKTeX\tex/generic/pgf/basiclayer\
pgfcorepathusage.code.tex
File: pgfcorepathusage.code.tex 2021/05/15 v3.1.9a (3.1.9a)
\pgf@shorten@end@additional=\dimen171
\pgf@shorten@start@additional=\dimen172
)
(C:\Users\Filip_Jasek\AppData\Local\Programs\MiKTeX\tex/generic/pgf/basiclayer\
pgfcorescopes.code.tex
File: pgfcorescopes.code.tex 2021/05/15 v3.1.9a (3.1.9a)
\pgfpic=\box52
\pgf@hbox=\box53
\pgf@layerbox@main=\box54
\pgf@picture@serial@count=\count271
)
(C:\Users\Filip_Jasek\AppData\Local\Programs\MiKTeX\tex/generic/pgf/basiclayer\
pgfcoregraphicstate.code.tex
File: pgfcoregraphicstate.code.tex 2021/05/15 v3.1.9a (3.1.9a)
\pgflinewidth=\dimen173
)
(C:\Users\Filip_Jasek\AppData\Local\Programs\MiKTeX\tex/generic/pgf/basiclayer\
pgfcoretransformations.code.tex
File: pgfcoretransformations.code.tex 2021/05/15 v3.1.9a (3.1.9a)
\pgf@pt@x=\dimen174
\pgf@pt@y=\dimen175
\pgf@pt@temp=\dimen176
)
(C:\Users\Filip_Jasek\AppData\Local\Programs\MiKTeX\tex/generic/pgf/basiclayer\
pgfcorequick.code.tex
File: pgfcorequick.code.tex 2021/05/15 v3.1.9a (3.1.9a)
)
(C:\Users\Filip_Jasek\AppData\Local\Programs\MiKTeX\tex/generic/pgf/basiclayer\
pgfcoreobjects.code.tex
File: pgfcoreobjects.code.tex 2021/05/15 v3.1.9a (3.1.9a)
)
(C:\Users\Filip_Jasek\AppData\Local\Programs\MiKTeX\tex/generic/pgf/basiclayer\
pgfcorepathprocessing.code.tex
File: pgfcorepathprocessing.code.tex 2021/05/15 v3.1.9a (3.1.9a)
)
(C:\Users\Filip_Jasek\AppData\Local\Programs\MiKTeX\tex/generic/pgf/basiclayer\
pgfcorearrows.code.tex
File: pgfcorearrows.code.tex 2021/05/15 v3.1.9a (3.1.9a)
\pgfarrowsep=\dimen177
)
(C:\Users\Filip_Jasek\AppData\Local\Programs\MiKTeX\tex/generic/pgf/basiclayer\
pgfcoreshade.code.tex
File: pgfcoreshade.code.tex 2021/05/15 v3.1.9a (3.1.9a)
\pgf@max=\dimen178
\pgf@sys@shading@range@num=\count272
\pgf@shadingcount=\count273
)
(C:\Users\Filip_Jasek\AppData\Local\Programs\MiKTeX\tex/generic/pgf/basiclayer\
pgfcoreimage.code.tex
File: pgfcoreimage.code.tex 2021/05/15 v3.1.9a (3.1.9a)

(C:\Users\Filip_Jasek\AppData\Local\Programs\MiKTeX\tex/generic/pgf/basiclayer\
pgfcoreexternal.code.tex
File: pgfcoreexternal.code.tex 2021/05/15 v3.1.9a (3.1.9a)
\pgfexternal@startupbox=\box55
))
(C:\Users\Filip_Jasek\AppData\Local\Programs\MiKTeX\tex/generic/pgf/basiclayer\
pgfcorelayers.code.tex
File: pgfcorelayers.code.tex 2021/05/15 v3.1.9a (3.1.9a)
)
(C:\Users\Filip_Jasek\AppData\Local\Programs\MiKTeX\tex/generic/pgf/basiclayer\
pgfcoretransparency.code.tex
File: pgfcoretransparency.code.tex 2021/05/15 v3.1.9a (3.1.9a)
)
(C:\Users\Filip_Jasek\AppData\Local\Programs\MiKTeX\tex/generic/pgf/basiclayer\
pgfcorepatterns.code.tex
File: pgfcorepatterns.code.tex 2021/05/15 v3.1.9a (3.1.9a)
)
(C:\Users\Filip_Jasek\AppData\Local\Programs\MiKTeX\tex/generic/pgf/basiclayer\
pgfcorerdf.code.tex
File: pgfcorerdf.code.tex 2021/05/15 v3.1.9a (3.1.9a)
)))
(C:\Users\Filip_Jasek\AppData\Local\Programs\MiKTeX\tex/generic/pgf/modules\pgf
moduleshapes.code.tex
File: pgfmoduleshapes.code.tex 2021/05/15 v3.1.9a (3.1.9a)
\pgfnodeparttextbox=\box56
)
(C:\Users\Filip_Jasek\AppData\Local\Programs\MiKTeX\tex/generic/pgf/modules\pgf
moduleplot.code.tex
File: pgfmoduleplot.code.tex 2021/05/15 v3.1.9a (3.1.9a)
)
(C:\Users\Filip_Jasek\AppData\Local\Programs\MiKTeX\tex/latex/pgf/compatibility
\pgfcomp-version-0-65.sty
Package: pgfcomp-version-0-65 2021/05/15 v3.1.9a (3.1.9a)
\pgf@nodesepstart=\dimen179
\pgf@nodesepend=\dimen180
)
(C:\Users\Filip_Jasek\AppData\Local\Programs\MiKTeX\tex/latex/pgf/compatibility
\pgfcomp-version-1-18.sty
Package: pgfcomp-version-1-18 2021/05/15 v3.1.9a (3.1.9a)
))
(C:\Users\Filip_Jasek\AppData\Local\Programs\MiKTeX\tex/latex/pgf/utilities\pgf
for.sty
(C:\Users\Filip_Jasek\AppData\Local\Programs\MiKTeX\tex/latex/pgf/utilities\pgf
keys.sty
(C:\Users\Filip_Jasek\AppData\Local\Programs\MiKTeX\tex/generic/pgf/utilities\p
gfkeys.code.tex))
(C:\Users\Filip_Jasek\AppData\Local\Programs\MiKTeX\tex/latex/pgf/math\pgfmath.
sty
(C:\Users\Filip_Jasek\AppData\Local\Programs\MiKTeX\tex/generic/pgf/math\pgfmat
h.code.tex))
(C:\Users\Filip_Jasek\AppData\Local\Programs\MiKTeX\tex/generic/pgf/utilities\p
gffor.code.tex
Package: pgffor 2021/05/15 v3.1.9a (3.1.9a)

(C:\Users\Filip_Jasek\AppData\Local\Programs\MiKTeX\tex/generic/pgf/math\pgfmat
h.code.tex)
\pgffor@iter=\dimen181
\pgffor@skip=\dimen182
\pgffor@stack=\toks29
\pgffor@toks=\toks30
))
(C:\Users\Filip_Jasek\AppData\Local\Programs\MiKTeX\tex/generic/pgf/frontendlay
er/tikz\tikz.code.tex
Package: tikz 2021/05/15 v3.1.9a (3.1.9a)

(C:\Users\Filip_Jasek\AppData\Local\Programs\MiKTeX\tex/generic/pgf/libraries\p
gflibraryplothandlers.code.tex
File: pgflibraryplothandlers.code.tex 2021/05/15 v3.1.9a (3.1.9a)
\pgf@plot@mark@count=\count274
\pgfplotmarksize=\dimen183
)
\tikz@lastx=\dimen184
\tikz@lasty=\dimen185
\tikz@lastxsaved=\dimen186
\tikz@lastysaved=\dimen187
\tikz@lastmovetox=\dimen188
\tikz@lastmovetoy=\dimen189
\tikzleveldistance=\dimen190
\tikzsiblingdistance=\dimen191
\tikz@figbox=\box57
\tikz@figbox@bg=\box58
\tikz@tempbox=\box59
\tikz@tempbox@bg=\box60
\tikztreelevel=\count275
\tikznumberofchildren=\count276
\tikznumberofcurrentchild=\count277
\tikz@fig@count=\count278

(C:\Users\Filip_Jasek\AppData\Local\Programs\MiKTeX\tex/generic/pgf/modules\pgf
modulematrix.code.tex
File: pgfmodulematrix.code.tex 2021/05/15 v3.1.9a (3.1.9a)
\pgfmatrixcurrentrow=\count279
\pgfmatrixcurrentcolumn=\count280
\pgf@matrix@numberofcolumns=\count281
)
\tikz@expandcount=\count282

(C:\Users\Filip_Jasek\AppData\Local\Programs\MiKTeX\tex/generic/pgf/frontendlay
er/tikz/libraries\tikzlibrarytopaths.code.tex
File: tikzlibrarytopaths.code.tex 2021/05/15 v3.1.9a (3.1.9a)
)))
(C:\Users\Filip_Jasek\AppData\Local\Programs\MiKTeX\tex/generic/pgfplots\pgfplo
ts.code.tex
(C:\Users\Filip_Jasek\AppData\Local\Programs\MiKTeX\tex/generic/pgfplots\pgfplo
tscore.code.tex
\t@pgfplots@toka=\toks31
\t@pgfplots@tokb=\toks32
\t@pgfplots@tokc=\toks33
\pgfplots@tmpa=\dimen192
\c@pgfplots@coordindex=\count283
\c@pgfplots@scanlineindex=\count284

(C:\Users\Filip_Jasek\AppData\Local\Programs\MiKTeX\tex/generic/pgfplots/sys\pg
fplotssysgeneric.code.tex))
(C:\Users\Filip_Jasek\AppData\Local\Programs\MiKTeX\tex/generic/pgfplots/libs\p
gfplotslibrary.code.tex)
(C:\Users\Filip_Jasek\AppData\Local\Programs\MiKTeX\tex/generic/pgfplots/oldpgf
compatib\pgfplotsoldpgfsupp_loader.code.tex
(C:\Users\Filip_Jasek\AppData\Local\Programs\MiKTeX\tex/generic/pgf/libraries\p
gflibraryfpu.code.tex))
(C:\Users\Filip_Jasek\AppData\Local\Programs\MiKTeX\tex/generic/pgfplots/util\p
gfplotsutil.code.tex
(C:\Users\Filip_Jasek\AppData\Local\Programs\MiKTeX\tex/generic/pgfplots/listst
ructure\pgfplotsliststructure.code.tex)
(C:\Users\Filip_Jasek\AppData\Local\Programs\MiKTeX\tex/generic/pgfplots/listst
ructure\pgfplotsliststructureext.code.tex)
(C:\Users\Filip_Jasek\AppData\Local\Programs\MiKTeX\tex/generic/pgfplots/listst
ructure\pgfplotsarray.code.tex
\c@pgfplotsarray@tmp=\count285
)
(C:\Users\Filip_Jasek\AppData\Local\Programs\MiKTeX\tex/generic/pgfplots/listst
ructure\pgfplotsmatrix.code.tex)
(C:\Users\Filip_Jasek\AppData\Local\Programs\MiKTeX\tex/generic/pgfplots/numtab
le\pgfplotstableshared.code.tex
\c@pgfplotstable@counta=\count286
\t@pgfplotstable@a=\toks34
)
(C:\Users\Filip_Jasek\AppData\Local\Programs\MiKTeX\tex/generic/pgfplots/listst
ructure\pgfplotsdeque.code.tex)
(C:\Users\Filip_Jasek\AppData\Local\Programs\MiKTeX\tex/generic/pgfplots/util\p
gfplotsbinary.code.tex
(C:\Users\Filip_Jasek\AppData\Local\Programs\MiKTeX\tex/generic/pgfplots/util\p
gfplotsbinary.data.code.tex))
(C:\Users\Filip_Jasek\AppData\Local\Programs\MiKTeX\tex/generic/pgfplots/util\p
gfplotsutil.verb.code.tex)
(C:\Users\Filip_Jasek\AppData\Local\Programs\MiKTeX\tex/generic/pgfplots/libs\p
gflibrarypgfplots.surfshading.code.tex
\c@pgfplotslibrarysurf@no=\count287

(C:\Users\Filip_Jasek\AppData\Local\Programs\MiKTeX\tex/generic/pgfplots/sys\pg
flibrarypgfplots.surfshading.pgfsys-pdftex.def)))
(C:\Users\Filip_Jasek\AppData\Local\Programs\MiKTeX\tex/generic/pgfplots/util\p
gfplotscolormap.code.tex
(C:\Users\Filip_Jasek\AppData\Local\Programs\MiKTeX\tex/generic/pgfplots/util\p
gfplotscolor.code.tex))
(C:\Users\Filip_Jasek\AppData\Local\Programs\MiKTeX\tex/generic/pgfplots\pgfplo
tsstackedplots.code.tex)
(C:\Users\Filip_Jasek\AppData\Local\Programs\MiKTeX\tex/generic/pgfplots\pgfplo
tsplothandlers.code.tex
(C:\Users\Filip_Jasek\AppData\Local\Programs\MiKTeX\tex/generic/pgfplots\pgfplo
tsmeshplothandler.code.tex
(C:\Users\Filip_Jasek\AppData\Local\Programs\MiKTeX\tex/generic/pgfplots\pgfplo
tsmeshplotimage.code.tex)))
(C:\Users\Filip_Jasek\AppData\Local\Programs\MiKTeX\tex/generic/pgfplots\pgfplo
ts.scaling.code.tex)
(C:\Users\Filip_Jasek\AppData\Local\Programs\MiKTeX\tex/generic/pgfplots\pgfplo
tscoordprocessing.code.tex)
(C:\Users\Filip_Jasek\AppData\Local\Programs\MiKTeX\tex/generic/pgfplots\pgfplo
ts.errorbars.code.tex)
(C:\Users\Filip_Jasek\AppData\Local\Programs\MiKTeX\tex/generic/pgfplots\pgfplo
ts.markers.code.tex)
(C:\Users\Filip_Jasek\AppData\Local\Programs\MiKTeX\tex/generic/pgfplots\pgfplo
tsticks.code.tex)
(C:\Users\Filip_Jasek\AppData\Local\Programs\MiKTeX\tex/generic/pgfplots\pgfplo
ts.paths.code.tex)
(C:\Users\Filip_Jasek\AppData\Local\Programs\MiKTeX\tex/generic/pgf/frontendlay
er/tikz/libraries\tikzlibrarydecorations.code.tex
(C:\Users\Filip_Jasek\AppData\Local\Programs\MiKTeX\tex/generic/pgf/modules\pgf
moduledecorations.code.tex
\pgfdecoratedcompleteddistance=\dimen193
\pgfdecoratedremainingdistance=\dimen194
\pgfdecoratedinputsegmentcompleteddistance=\dimen195
\pgfdecoratedinputsegmentremainingdistance=\dimen196
\pgf@decorate@distancetomove=\dimen197
\pgf@decorate@repeatstate=\count288
\pgfdecorationsegmentamplitude=\dimen198
\pgfdecorationsegmentlength=\dimen199
)
\tikz@lib@dec@box=\box61
)
(C:\Users\Filip_Jasek\AppData\Local\Programs\MiKTeX\tex/generic/pgf/frontendlay
er/tikz/libraries\tikzlibrarydecorations.pathmorphing.code.tex
(C:\Users\Filip_Jasek\AppData\Local\Programs\MiKTeX\tex/generic/pgf/libraries/d
ecorations\pgflibrarydecorations.pathmorphing.code.tex))
(C:\Users\Filip_Jasek\AppData\Local\Programs\MiKTeX\tex/generic/pgf/frontendlay
er/tikz/libraries\tikzlibrarydecorations.pathreplacing.code.tex
(C:\Users\Filip_Jasek\AppData\Local\Programs\MiKTeX\tex/generic/pgf/libraries/d
ecorations\pgflibrarydecorations.pathreplacing.code.tex))
(C:\Users\Filip_Jasek\AppData\Local\Programs\MiKTeX\tex/generic/pgfplots/libs\t
ikzlibrarypgfplots.contourlua.code.tex)
\pgfplots@numplots=\count289
\pgfplots@xmin@reg=\dimen256
\pgfplots@xmax@reg=\dimen257
\pgfplots@ymin@reg=\dimen258
\pgfplots@ymax@reg=\dimen259
\pgfplots@zmin@reg=\dimen260
\pgfplots@zmax@reg=\dimen261
)
(C:\Users\Filip_Jasek\AppData\Local\Programs\MiKTeX\tex/generic/pgf/frontendlay
er/tikz/libraries\tikzlibraryplotmarks.code.tex
File: tikzlibraryplotmarks.code.tex 2021/05/15 v3.1.9a (3.1.9a)

(C:\Users\Filip_Jasek\AppData\Local\Programs\MiKTeX\tex/generic/pgf/libraries\p
gflibraryplotmarks.code.tex
File: pgflibraryplotmarks.code.tex 2021/05/15 v3.1.9a (3.1.9a)
)))
(C:\Users\Filip_Jasek\AppData\Local\Programs\MiKTeX\tex/latex/pgfplots\pgfplots
table.sty
(C:\Users\Filip_Jasek\AppData\Local\Programs\MiKTeX\tex/generic/pgfplots\pgfplo
ts.revision.tex)
Package: pgfplotstable 2021/05/15 v1.18.1 Table typesetting and Pretty-printing
 (1.18.1)

(C:\Users\Filip_Jasek\AppData\Local\Programs\MiKTeX\tex/generic/pgfplots/numtab
le\pgfplotstable.code.tex
(C:\Users\Filip_Jasek\AppData\Local\Programs\MiKTeX\tex/generic/pgfplots/numtab
le\pgfplotstable.coltype.code.tex))
(C:\Users\Filip_Jasek\AppData\Local\Programs\MiKTeX\tex/latex/tools\array.sty
Package: array 2021/10/04 v2.5f Tabular extension package (FMi)
\col@sep=\dimen262
\ar@mcellbox=\box62
\extrarowheight=\dimen263
\NC@list=\toks35
\extratabsurround=\skip49
\backup@length=\skip50
\ar@cellbox=\box63
))
(C:\Users\Filip_Jasek\AppData\Local\Programs\MiKTeX\tex/latex/multirow\multirow
.sty
Package: multirow 2021/03/15 v2.8 Span multiple rows of a table
\multirow@colwidth=\skip51
\multirow@cntb=\count290
\multirow@dima=\skip52
\bigstrutjot=\dimen264
)
(C:\Users\Filip_Jasek\AppData\Local\Programs\MiKTeX\tex/latex/import\import.sty
Package: import 2020/04/01  v 6.2
)
(C:\Users\Filip_Jasek\AppData\Local\Programs\MiKTeX\tex/latex/geometry\geometry
.sty
Package: geometry 2020/01/02 v5.9 Page Geometry

(C:\Users\Filip_Jasek\AppData\Local\Programs\MiKTeX\tex/generic/iftex\ifvtex.st
y
Package: ifvtex 2019/10/25 v1.7 ifvtex legacy package. Use iftex instead.

(C:\Users\Filip_Jasek\AppData\Local\Programs\MiKTeX\tex/generic/iftex\iftex.sty
Package: iftex 2022/02/03 v1.0f TeX engine tests
))
\Gm@cnth=\count291
\Gm@cntv=\count292
\c@Gm@tempcnt=\count293
\Gm@bindingoffset=\dimen265
\Gm@wd@mp=\dimen266
\Gm@odd@mp=\dimen267
\Gm@even@mp=\dimen268
\Gm@layoutwidth=\dimen269
\Gm@layoutheight=\dimen270
\Gm@layouthoffset=\dimen271
\Gm@layoutvoffset=\dimen272
\Gm@dimlist=\toks36

(C:\Users\Filip_Jasek\AppData\Local\Programs\MiKTeX\tex/latex/geometry\geometry
.cfg))
(C:\Users\Filip_Jasek\AppData\Local\Programs\MiKTeX\tex/latex/todonotes\todonot
es.sty
Package: todonotes 2021/06/04 v1.1.5 Todonotes source and documentation.
Package: todonotes 2021/06/04

(C:\Users\Filip_Jasek\AppData\Local\Programs\MiKTeX\tex/latex/base\ifthen.sty
Package: ifthen 2020/11/24 v1.1c Standard LaTeX ifthen package (DPC)
)
(C:\Users\Filip_Jasek\AppData\Local\Programs\MiKTeX\tex/latex/xkeyval\xkeyval.s
ty
Package: xkeyval 2020/11/20 v2.8 package option processing (HA)

(C:\Users\Filip_Jasek\AppData\Local\Programs\MiKTeX\tex/generic/xkeyval\xkeyval
.tex
(C:\Users\Filip_Jasek\AppData\Local\Programs\MiKTeX\tex/generic/xkeyval\xkvutil
s.tex
\XKV@toks=\toks37
\XKV@tempa@toks=\toks38
)
\XKV@depth=\count294
File: xkeyval.tex 2014/12/03 v2.7a key=value parser (HA)
))
(C:\Users\Filip_Jasek\AppData\Local\Programs\MiKTeX\tex/generic/pgf/frontendlay
er/tikz/libraries\tikzlibrarypositioning.code.tex
File: tikzlibrarypositioning.code.tex 2021/05/15 v3.1.9a (3.1.9a)
)
(C:\Users\Filip_Jasek\AppData\Local\Programs\MiKTeX\tex/latex/tools\calc.sty
Package: calc 2017/05/25 v4.3 Infix arithmetic (KKT,FJ)
\calc@Acount=\count295
\calc@Bcount=\count296
\calc@Adimen=\dimen273
\calc@Bdimen=\dimen274
\calc@Askip=\skip53
\calc@Bskip=\skip54
LaTeX Info: Redefining \setlength on input line 80.
LaTeX Info: Redefining \addtolength on input line 81.
\calc@Ccount=\count297
\calc@Cskip=\skip55
)
\c@@todonotes@numberoftodonotes=\count298
)
(C:\Users\Filip_Jasek\AppData\Local\Programs\MiKTeX\tex/latex/standalone\standa
lone.sty
Package: standalone 2018/03/26 v1.3a Package to include TeX sub-files with prea
mbles

(C:\Users\Filip_Jasek\AppData\Local\Programs\MiKTeX\tex/latex/tools\shellesc.st
y
Package: shellesc 2019/11/08 v1.0c unified shell escape interface for LaTeX
Package shellesc Info: Restricted shell escape enabled on input line 77.
)
(C:\Users\Filip_Jasek\AppData\Local\Programs\MiKTeX\tex/latex/currfile\currfile
.sty
Package: currfile 2020/09/29 v0.7d Provides the file path elements of the curre
nt input file

(C:\Users\Filip_Jasek\AppData\Local\Programs\MiKTeX\tex/latex/kvoptions\kvoptio
ns.sty
Package: kvoptions 2020-10-07 v3.14 Key value format for package options (HO)

(C:\Users\Filip_Jasek\AppData\Local\Programs\MiKTeX\tex/generic/ltxcmds\ltxcmds
.sty
Package: ltxcmds 2020-05-10 v1.25 LaTeX kernel commands for general use (HO)
)
(C:\Users\Filip_Jasek\AppData\Local\Programs\MiKTeX\tex/generic/kvsetkeys\kvset
keys.sty
Package: kvsetkeys 2019/12/15 v1.18 Key value parser (HO)
))
(C:\Users\Filip_Jasek\AppData\Local\Programs\MiKTeX\tex/latex/filehook\filehook
.sty
Package: filehook 2020/09/29 v0.8a Hooks for input files

(C:\Users\Filip_Jasek\AppData\Local\Programs\MiKTeX\tex/latex/filehook\filehook
-2020.sty
Package: filehook-2020 2020/09/29 v0.8a Hooks for input files
))
\c@currfiledepth=\count299
)
(C:\Users\Filip_Jasek\AppData\Local\Programs\MiKTeX\tex/latex/gincltex\gincltex
.sty
(C:\Users\Filip_Jasek\AppData\Local\Programs\MiKTeX\tex/latex/svn-prov\svn-prov
.sty
Package: svn-prov 2010/04/24 v3.1862 Package Date/Version from SVN Keywords
)
Package: gincltex 2011/09/04 v0.3 Include external LaTeX files like graphics

(C:\Users\Filip_Jasek\AppData\Local\Programs\MiKTeX\tex/latex/adjustbox\adjustb
ox.sty
Package: adjustbox 2020/08/19 v1.3 Adjusting TeX boxes (trim, clip, ...)

(C:\Users\Filip_Jasek\AppData\Local\Programs\MiKTeX\tex/latex/adjustbox\adjcalc
.sty
Package: adjcalc 2012/05/16 v1.1 Provides advanced setlength with multiple back
-ends (calc, etex, pgfmath)
)
(C:\Users\Filip_Jasek\AppData\Local\Programs\MiKTeX\tex/latex/adjustbox\trimcli
p.sty
Package: trimclip 2020/08/19 v1.2 Trim and clip general TeX material

(C:\Users\Filip_Jasek\AppData\Local\Programs\MiKTeX\tex/latex/collectbox\collec
tbox.sty
Package: collectbox 2012/05/17 v0.4b Collect macro arguments as boxes
\collectedbox=\box64
)
\tc@llx=\dimen275
\tc@lly=\dimen276
\tc@urx=\dimen277
\tc@ury=\dimen278
Package trimclip Info: Using driver 'tc-pdftex.def'.

(C:\Users\Filip_Jasek\AppData\Local\Programs\MiKTeX\tex/latex/adjustbox\tc-pdft
ex.def
File: tc-pdftex.def 2019/01/04 v2.2 Clipping driver for pdftex
))
\adjbox@Width=\dimen279
\adjbox@Height=\dimen280
\adjbox@Depth=\dimen281
\adjbox@Totalheight=\dimen282
\adjbox@pwidth=\dimen283
\adjbox@pheight=\dimen284
\adjbox@pdepth=\dimen285
\adjbox@ptotalheight=\dimen286

(C:\Users\Filip_Jasek\AppData\Local\Programs\MiKTeX\tex/latex/ifoddpage\ifoddpa
ge.sty
Package: ifoddpage 2016/04/23 v1.1 Conditionals for odd/even page detection
\c@checkoddpage=\count300
)
(C:\Users\Filip_Jasek\AppData\Local\Programs\MiKTeX\tex/latex/varwidth\varwidth
.sty
Package: varwidth 2009/03/30 ver 0.92;  Variable-width minipages
\@vwid@box=\box65
\sift@deathcycles=\count301
\@vwid@loff=\dimen287
\@vwid@roff=\dimen288
))
\gincltex@box=\box66
)
(C:\Users\Filip_Jasek\AppData\Local\Programs\MiKTeX\tex/latex/filemod\filemod-e
xpmin.sty
Package: filemod-expmin 2011/09/19 v1.2 Get and compare file modification times
 (expandable; minimal)
))
(C:\Users\Filip_Jasek\AppData\Local\Programs\MiKTeX\tex/latex/colortbl\colortbl
.sty
Package: colortbl 2020/01/04 v1.0e Color table columns (DPC)
\everycr=\toks39
\minrowclearance=\skip56
)
(C:\Users\Filip_Jasek\AppData\Local\Programs\MiKTeX\tex/latex/float\float.sty
Package: float 2001/11/08 v1.3d Float enhancements (AL)
\c@float@type=\count302
\float@exts=\toks40
\float@box=\box67
\@float@everytoks=\toks41
\@floatcapt=\box68
)
(C:\Users\Filip_Jasek\AppData\Local\Programs\MiKTeX\tex/latex/csvsimple\csvsimp
le.sty
(C:\Users\Filip_Jasek\AppData\Local\Programs\MiKTeX\tex/latex/l3packages/l3keys
2e\l3keys2e.sty
(C:\Users\Filip_Jasek\AppData\Local\Programs\MiKTeX\tex/latex/l3kernel\expl3.st
y
Package: expl3 2022-02-21 L3 programming layer (loader) 

(C:\Users\Filip_Jasek\AppData\Local\Programs\MiKTeX\tex/latex/l3backend\l3backe
nd-pdftex.def
File: l3backend-pdftex.def 2022-02-07 L3 backend support: PDF output (pdfTeX)
\l__color_backend_stack_int=\count303
\l__pdf_internal_box=\box69
))
Package: l3keys2e 2022-01-12 LaTeX2e option processing using LaTeX3 keys
)
Package: csvsimple 2022/02/01 v2.3.0 LaTeX CSV file processing
)
(C:\Users\Filip_Jasek\AppData\Local\Programs\MiKTeX\tex/latex/csvsimple\csvsimp
le-legacy.sty
Package: csvsimple-legacy 2022/02/01 version 2.3.0 LaTeX2e CSV file processing

(C:\Users\Filip_Jasek\AppData\Local\Programs\MiKTeX\tex/latex/etoolbox\etoolbox
.sty
Package: etoolbox 2020/10/05 v2.5k e-TeX tools for LaTeX (JAW)
\etb@tempcnta=\count304
)
\csv@file=\read4
\c@csvinputline=\count305
\c@csvrow=\count306
\c@csvcol=\count307
\csv@out=\write4
)
(C:\Users\Filip_Jasek\AppData\Local\Programs\MiKTeX\tex/latex/tools\indentfirst
.sty
Package: indentfirst 1995/11/23 v1.03 Indent first paragraph (DPC)
)
(C:\Users\Filip_Jasek\AppData\Local\Programs\MiKTeX\tex/latex/hyperref\hyperref
.sty
Package: hyperref 2021-06-07 v7.00m Hypertext links for LaTeX

(C:\Users\Filip_Jasek\AppData\Local\Programs\MiKTeX\tex/generic/pdftexcmds\pdft
excmds.sty
Package: pdftexcmds 2020-06-27 v0.33 Utility functions of pdfTeX for LuaTeX (HO
)

(C:\Users\Filip_Jasek\AppData\Local\Programs\MiKTeX\tex/generic/infwarerr\infwa
rerr.sty
Package: infwarerr 2019/12/03 v1.5 Providing info/warning/error messages (HO)
)
Package pdftexcmds Info: \pdf@primitive is available.
Package pdftexcmds Info: \pdf@ifprimitive is available.
Package pdftexcmds Info: \pdfdraftmode found.
)
(C:\Users\Filip_Jasek\AppData\Local\Programs\MiKTeX\tex/generic/kvdefinekeys\kv
definekeys.sty
Package: kvdefinekeys 2019-12-19 v1.6 Define keys (HO)
)
(C:\Users\Filip_Jasek\AppData\Local\Programs\MiKTeX\tex/generic/pdfescape\pdfes
cape.sty
Package: pdfescape 2019/12/09 v1.15 Implements pdfTeX's escape features (HO)
)
(C:\Users\Filip_Jasek\AppData\Local\Programs\MiKTeX\tex/latex/hycolor\hycolor.s
ty
Package: hycolor 2020-01-27 v1.10 Color options for hyperref/bookmark (HO)
)
(C:\Users\Filip_Jasek\AppData\Local\Programs\MiKTeX\tex/latex/letltxmacro\letlt
xmacro.sty
Package: letltxmacro 2019/12/03 v1.6 Let assignment for LaTeX macros (HO)
)
(C:\Users\Filip_Jasek\AppData\Local\Programs\MiKTeX\tex/latex/auxhook\auxhook.s
ty
Package: auxhook 2019-12-17 v1.6 Hooks for auxiliary files (HO)
)
\@linkdim=\dimen289
\Hy@linkcounter=\count308
\Hy@pagecounter=\count309

(C:\Users\Filip_Jasek\AppData\Local\Programs\MiKTeX\tex/latex/hyperref\pd1enc.d
ef
File: pd1enc.def 2021-06-07 v7.00m Hyperref: PDFDocEncoding definition (HO)
Now handling font encoding PD1 ...
... no UTF-8 mapping file for font encoding PD1
)
(C:\Users\Filip_Jasek\AppData\Local\Programs\MiKTeX\tex/latex/hyperref\hyperref
-langpatches.def
File: hyperref-langpatches.def 2021-06-07 v7.00m Hyperref: patches for babel la
nguages
)
(C:\Users\Filip_Jasek\AppData\Local\Programs\MiKTeX\tex/generic/intcalc\intcalc
.sty
Package: intcalc 2019/12/15 v1.3 Expandable calculations with integers (HO)
)
(C:\Users\Filip_Jasek\AppData\Local\Programs\MiKTeX\tex/generic/etexcmds\etexcm
ds.sty
Package: etexcmds 2019/12/15 v1.7 Avoid name clashes with e-TeX commands (HO)
)
\Hy@SavedSpaceFactor=\count310

(C:\Users\Filip_Jasek\AppData\Local\Programs\MiKTeX\tex/latex/hyperref\puenc.de
f
File: puenc.def 2021-06-07 v7.00m Hyperref: PDF Unicode definition (HO)
Now handling font encoding PU ...
... no UTF-8 mapping file for font encoding PU
)
Package hyperref Info: Hyper figures OFF on input line 4192.
Package hyperref Info: Link nesting OFF on input line 4197.
Package hyperref Info: Hyper index ON on input line 4200.
Package hyperref Info: Plain pages OFF on input line 4207.
Package hyperref Info: Backreferencing OFF on input line 4212.
Package hyperref Info: Implicit mode ON; LaTeX internals redefined.
Package hyperref Info: Bookmarks ON on input line 4445.
\c@Hy@tempcnt=\count311
 (C:\Users\Filip_Jasek\AppData\Local\Programs\MiKTeX\tex/latex/url\url.sty
\Urlmuskip=\muskip16
Package: url 2013/09/16  ver 3.4  Verb mode for urls, etc.
)
LaTeX Info: Redefining \url on input line 4804.
\XeTeXLinkMargin=\dimen290

(C:\Users\Filip_Jasek\AppData\Local\Programs\MiKTeX\tex/generic/bitset\bitset.s
ty
Package: bitset 2019/12/09 v1.3 Handle bit-vector datatype (HO)

(C:\Users\Filip_Jasek\AppData\Local\Programs\MiKTeX\tex/generic/bigintcalc\bigi
ntcalc.sty
Package: bigintcalc 2019/12/15 v1.5 Expandable calculations on big integers (HO
)
))
\Fld@menulength=\count312
\Field@Width=\dimen291
\Fld@charsize=\dimen292
Package hyperref Info: Hyper figures OFF on input line 6076.
Package hyperref Info: Link nesting OFF on input line 6081.
Package hyperref Info: Hyper index ON on input line 6084.
Package hyperref Info: backreferencing OFF on input line 6091.
Package hyperref Info: Link coloring OFF on input line 6096.
Package hyperref Info: Link coloring with OCG OFF on input line 6101.
Package hyperref Info: PDF/A mode OFF on input line 6106.
LaTeX Info: Redefining \ref on input line 6146.
LaTeX Info: Redefining \pageref on input line 6150.

(C:\Users\Filip_Jasek\AppData\Local\Programs\MiKTeX\tex/latex/base\atbegshi-ltx
.sty
Package: atbegshi-ltx 2021/01/10 v1.0c Emulation of the original atbegshi
package with kernel methods
)
\Hy@abspage=\count313
\c@Item=\count314
\c@Hfootnote=\count315
)
Package hyperref Info: Driver (autodetected): hpdftex.

(C:\Users\Filip_Jasek\AppData\Local\Programs\MiKTeX\tex/latex/hyperref\hpdftex.
def
File: hpdftex.def 2021-06-07 v7.00m Hyperref driver for pdfTeX

(C:\Users\Filip_Jasek\AppData\Local\Programs\MiKTeX\tex/latex/base\atveryend-lt
x.sty
Package: atveryend-ltx 2020/08/19 v1.0a Emulation of the original atveryend pac
kage
with kernel methods
)
\Fld@listcount=\count316
\c@bookmark@seq@number=\count317

(C:\Users\Filip_Jasek\AppData\Local\Programs\MiKTeX\tex/latex/rerunfilecheck\re
runfilecheck.sty
Package: rerunfilecheck 2019/12/05 v1.9 Rerun checks for auxiliary files (HO)

(C:\Users\Filip_Jasek\AppData\Local\Programs\MiKTeX\tex/generic/uniquecounter\u
niquecounter.sty
Package: uniquecounter 2019/12/15 v1.4 Provide unlimited unique counter (HO)
)
Package uniquecounter Info: New unique counter `rerunfilecheck' on input line 2
86.
)
\Hy@SectionHShift=\skip57
)
(C:\Users\Filip_Jasek\AppData\Local\Programs\MiKTeX\tex/latex/amsmath\amsmath.s
ty
Package: amsmath 2021/10/15 v2.17l AMS math features
\@mathmargin=\skip58

For additional information on amsmath, use the `?' option.

(C:\Users\Filip_Jasek\AppData\Local\Programs\MiKTeX\tex/latex/amsmath\amstext.s
ty
Package: amstext 2021/08/26 v2.01 AMS text

(C:\Users\Filip_Jasek\AppData\Local\Programs\MiKTeX\tex/latex/amsmath\amsgen.st
y
File: amsgen.sty 1999/11/30 v2.0 generic functions
\@emptytoks=\toks42
\ex@=\dimen293
))
(C:\Users\Filip_Jasek\AppData\Local\Programs\MiKTeX\tex/latex/amsmath\amsbsy.st
y
Package: amsbsy 1999/11/29 v1.2d Bold Symbols
\pmbraise@=\dimen294
)
(C:\Users\Filip_Jasek\AppData\Local\Programs\MiKTeX\tex/latex/amsmath\amsopn.st
y
Package: amsopn 2021/08/26 v2.02 operator names
)
\inf@bad=\count318
LaTeX Info: Redefining \frac on input line 234.
\uproot@=\count319
\leftroot@=\count320
LaTeX Info: Redefining \overline on input line 399.
\classnum@=\count321
\DOTSCASE@=\count322
LaTeX Info: Redefining \ldots on input line 496.
LaTeX Info: Redefining \dots on input line 499.
LaTeX Info: Redefining \cdots on input line 620.
\Mathstrutbox@=\box70
\strutbox@=\box71
\big@size=\dimen295
LaTeX Font Info:    Redeclaring font encoding OML on input line 743.
LaTeX Font Info:    Redeclaring font encoding OMS on input line 744.
\macc@depth=\count323
\c@MaxMatrixCols=\count324
\dotsspace@=\muskip17
\c@parentequation=\count325
\dspbrk@lvl=\count326
\tag@help=\toks43
\row@=\count327
\column@=\count328
\maxfields@=\count329
\andhelp@=\toks44
\eqnshift@=\dimen296
\alignsep@=\dimen297
\tagshift@=\dimen298
\tagwidth@=\dimen299
\totwidth@=\dimen300
\lineht@=\dimen301
\@envbody=\toks45
\multlinegap=\skip59
\multlinetaggap=\skip60
\mathdisplay@stack=\toks46
LaTeX Info: Redefining \[ on input line 2938.
LaTeX Info: Redefining \] on input line 2939.
)
(C:\Users\Filip_Jasek\AppData\Local\Programs\MiKTeX\tex/latex/jknappen\mathrsfs
.sty
Package: mathrsfs 1996/01/01 Math RSFS package v1.0 (jk)
\symrsfs=\mathgroup6
)
(C:\Users\Filip_Jasek\AppData\Local\Programs\MiKTeX\tex/latex/pdfpages\pdfpages
.sty
Package: pdfpages 2022/01/29 v0.5u Insert pages of external PDF documents (AM)

(C:\Users\Filip_Jasek\AppData\Local\Programs\MiKTeX\tex/latex/eso-pic\eso-pic.s
ty
Package: eso-pic 2020/10/14 v3.0a eso-pic (RN)
\ESO@tempdima=\dimen302
\ESO@tempdimb=\dimen303
)
\AM@pagewidth=\dimen304
\AM@pageheight=\dimen305
\AM@fboxrule=\dimen306

(C:\Users\Filip_Jasek\AppData\Local\Programs\MiKTeX\tex/latex/pdfpages\pppdftex
.def
File: pppdftex.def 2022/01/29 v0.5u Pdfpages driver for pdfTeX (AM)
)
\pdfpages@includegraphics@status=\count330
\AM@pagebox=\box72
\AM@global@opts=\toks47
\AM@pagecnt=\count331
\AM@toc@title=\toks48
\c@AM@survey=\count332
\AM@templatesizebox=\box73
)
(C:\Users\Filip_Jasek\AppData\Local\Programs\MiKTeX\tex/latex/caption\caption.s
ty
Package: caption 2022/02/20 v3.6 Customizing captions (AR)

(C:\Users\Filip_Jasek\AppData\Local\Programs\MiKTeX\tex/latex/caption\caption3.
sty
Package: caption3 2022/01/07 v2.3 caption3 kernel (AR)
\caption@tempdima=\dimen307
\captionmargin=\dimen308
\caption@leftmargin=\dimen309
\caption@rightmargin=\dimen310
\caption@width=\dimen311
\caption@indent=\dimen312
\caption@parindent=\dimen313
\caption@hangindent=\dimen314
Package caption Info: Standard document class detected.
)
\c@caption@flags=\count333
\c@continuedfloat=\count334
Package caption Info: float package is loaded.
Package caption Info: hyperref package is loaded.
)
(C:\Users\Filip_Jasek\AppData\Local\Programs\MiKTeX\tex/latex/caption\subcaptio
n.sty
Package: subcaption 2022/01/07 v1.5 Sub-captions (AR)
\c@subfigure=\count335
\c@subtable=\count336
)
LaTeX Font Info:    Trying to load font information for OT1+ptm on input line 2
9.

(C:\Users\Filip_Jasek\AppData\Local\Programs\MiKTeX\tex/latex/psnfss\ot1ptm.fd
File: ot1ptm.fd 2001/06/04 font definitions for OT1/ptm.
) (STP_semestralka02_referat.aux)
\openout1 = `STP_semestralka02_referat.aux'.

LaTeX Font Info:    Checking defaults for OML/cmm/m/it on input line 29.
LaTeX Font Info:    ... okay on input line 29.
LaTeX Font Info:    Checking defaults for OMS/cmsy/m/n on input line 29.
LaTeX Font Info:    ... okay on input line 29.
LaTeX Font Info:    Checking defaults for OT1/cmr/m/n on input line 29.
LaTeX Font Info:    ... okay on input line 29.
LaTeX Font Info:    Checking defaults for T1/cmr/m/n on input line 29.
LaTeX Font Info:    ... okay on input line 29.
LaTeX Font Info:    Checking defaults for TS1/cmr/m/n on input line 29.
LaTeX Font Info:    ... okay on input line 29.
LaTeX Font Info:    Checking defaults for OMX/cmex/m/n on input line 29.
LaTeX Font Info:    ... okay on input line 29.
LaTeX Font Info:    Checking defaults for U/cmr/m/n on input line 29.
LaTeX Font Info:    ... okay on input line 29.
LaTeX Font Info:    Checking defaults for PD1/pdf/m/n on input line 29.
LaTeX Font Info:    ... okay on input line 29.
LaTeX Font Info:    Checking defaults for PU/pdf/m/n on input line 29.
LaTeX Font Info:    ... okay on input line 29.

(C:\Users\Filip_Jasek\AppData\Local\Programs\MiKTeX\tex/context/base/mkii\supp-
pdf.mkii
[Loading MPS to PDF converter (version 2006.09.02).]
\scratchcounter=\count337
\scratchdimen=\dimen315
\scratchbox=\box74
\nofMPsegments=\count338
\nofMParguments=\count339
\everyMPshowfont=\toks49
\MPscratchCnt=\count340
\MPscratchDim=\dimen316
\MPnumerator=\count341
\makeMPintoPDFobject=\count342
\everyMPtoPDFconversion=\toks50
)
(C:\Users\Filip_Jasek\AppData\Local\Programs\MiKTeX\tex/latex/epstopdf-pkg\epst
opdf-base.sty
Package: epstopdf-base 2020-01-24 v2.11 Base part for package epstopdf
Package epstopdf-base Info: Redefining graphics rule for `.eps' on input line 4
85.

(C:\Users\Filip_Jasek\AppData\Local\Programs\MiKTeX\tex/latex/00miktex\epstopdf
-sys.cfg
File: epstopdf-sys.cfg 2021/03/18 v2.0 Configuration of epstopdf for MiKTeX
))

Package pgfplots Warning: running in backwards compatibility mode (unsuitable t
ick labels; missing features). Consider writing \pgfplotsset{compat=1.18} into 
your preamble.
 on input line 29.

*geometry* driver: auto-detecting
*geometry* detected driver: pdftex
*geometry* verbose mode - [ preamble ] result:
* driver: pdftex
* paper: a4paper
* layout: <same size as paper>
* layoutoffset:(h,v)=(0.0pt,0.0pt)
* modes: includefoot 
* h-part:(L,W,R)=(56.9055pt, 483.69684pt, 56.90553pt)
* v-part:(T,H,B)=(56.9055pt, 731.23573pt, 56.90561pt)
* \paperwidth=597.50787pt
* \paperheight=845.04684pt
* \textwidth=483.69684pt
* \textheight=701.23573pt
* \oddsidemargin=-15.36449pt
* \evensidemargin=-15.36449pt
* \topmargin=-52.36449pt
* \headheight=12.0pt
* \headsep=25.0pt
* \topskip=10.0pt
* \footskip=30.0pt
* \marginparwidth=65.0pt
* \marginparsep=11.0pt
* \columnsep=10.0pt
* \skip\footins=9.0pt plus 4.0pt minus 2.0pt
* \hoffset=0.0pt
* \voffset=0.0pt
* \mag=1000
* \@twocolumnfalse
* \@twosidefalse
* \@mparswitchfalse
* \@reversemarginfalse
* (1in=72.27pt=25.4mm, 1cm=28.453pt)

Package hyperref Info: Link coloring OFF on input line 29.

(C:\Users\Filip_Jasek\AppData\Local\Programs\MiKTeX\tex/latex/hyperref\nameref.
sty
Package: nameref 2021-04-02 v2.47 Cross-referencing by name of section

(C:\Users\Filip_Jasek\AppData\Local\Programs\MiKTeX\tex/latex/refcount\refcount
.sty
Package: refcount 2019/12/15 v3.6 Data extraction from label references (HO)
)
(C:\Users\Filip_Jasek\AppData\Local\Programs\MiKTeX\tex/generic/gettitlestring\
gettitlestring.sty
Package: gettitlestring 2019/12/15 v1.6 Cleanup title references (HO)
)
\c@section@level=\count343
)
LaTeX Info: Redefining \ref on input line 29.
LaTeX Info: Redefining \pageref on input line 29.
LaTeX Info: Redefining \nameref on input line 29.
 (STP_semestralka02_referat.out)
(STP_semestralka02_referat.out)
\@outlinefile=\write5
\openout5 = `STP_semestralka02_referat.out'.


(C:\Users\Filip_Jasek\AppData\Local\Programs\MiKTeX\tex/latex/pdflscape\pdflsca
pe.sty
Package: pdflscape 2019/12/05 v0.12 Display of landscape pages in PDF (HO)

(C:\Users\Filip_Jasek\AppData\Local\Programs\MiKTeX\tex/latex/graphics\lscape.s
ty
Package: lscape 2020/05/28 v3.02 Landscape Pages (DPC)
)
Package pdflscape Info: Auto-detected driver: pdftex on input line 81.
)
Package caption Info: Begin \AtBeginDocument code.
Package caption Info: End \AtBeginDocument code.
 (titlepage.tex
<./Graphics/FAV_logo.pdf, id=58, 113.81102pt x 62.59607pt>
File: ./Graphics/FAV_logo.pdf Graphic file (type pdf)
<use ./Graphics/FAV_logo.pdf>
Package pdftex.def Info: ./Graphics/FAV_logo.pdf  used on input line 9.
(pdftex.def)             Requested size: 241.84842pt x 133.03252pt.
 [1

{C:/Users/Filip_Jasek/AppData/Local/MiKTeX/fonts/map/pdftex/pdftex.map} <./Grap
hics/FAV_logo.pdf>])
<./Graphics/STP_semestralka02_zadani.pdf, id=71, 597.50829pt x 845.0471pt>
File: ./Graphics/STP_semestralka02_zadani.pdf Graphic file (type pdf)
<use ./Graphics/STP_semestralka02_zadani.pdf>
Package pdftex.def Info: ./Graphics/STP_semestralka02_zadani.pdf  used on input
 line 32.
(pdftex.def)             Requested size: 597.50682pt x 845.04504pt.
File: ./Graphics/STP_semestralka02_zadani.pdf Graphic file (type pdf)
<use ./Graphics/STP_semestralka02_zadani.pdf>
Package pdftex.def Info: ./Graphics/STP_semestralka02_zadani.pdf  used on input
 line 32.
(pdftex.def)             Requested size: 597.50682pt x 845.04504pt.
<./Graphics/STP_semestralka02_zadani.pdf, id=74, page=1, 597.50829pt x 845.0471
pt>
File: ./Graphics/STP_semestralka02_zadani.pdf Graphic file (type pdf)
<use ./Graphics/STP_semestralka02_zadani.pdf, page 1>
Package pdftex.def Info: ./Graphics/STP_semestralka02_zadani.pdf , page1 used o
n input line 32.
(pdftex.def)             Requested size: 597.50682pt x 845.04504pt.
File: ./Graphics/STP_semestralka02_zadani.pdf Graphic file (type pdf)
<use ./Graphics/STP_semestralka02_zadani.pdf, page 1>
Package pdftex.def Info: ./Graphics/STP_semestralka02_zadani.pdf , page1 used o
n input line 32.
(pdftex.def)             Requested size: 507.88443pt x 718.29344pt.
File: ./Graphics/STP_semestralka02_zadani.pdf Graphic file (type pdf)
<use ./Graphics/STP_semestralka02_zadani.pdf, page 1>
Package pdftex.def Info: ./Graphics/STP_semestralka02_zadani.pdf , page1 used o
n input line 32.
(pdftex.def)             Requested size: 507.88443pt x 718.29344pt.
File: ./Graphics/STP_semestralka02_zadani.pdf Graphic file (type pdf)
<use ./Graphics/STP_semestralka02_zadani.pdf, page 1>
Package pdftex.def Info: ./Graphics/STP_semestralka02_zadani.pdf , page1 used o
n input line 32.
(pdftex.def)             Requested size: 507.88443pt x 718.29344pt.

pdfTeX warning (ext4): destination with the same identifier (name{page.1}) has 
been already used, duplicate ignored
<to be read again> 
                   \relax 
l.32 ...]{./Graphics/STP_semestralka02_zadani.pdf}
                                                  
File: ./Graphics/STP_semestralka02_zadani.pdf Graphic file (type pdf)
<use ./Graphics/STP_semestralka02_zadani.pdf, page 1>
Package pdftex.def Info: ./Graphics/STP_semestralka02_zadani.pdf , page1 used o
n input line 32.
(pdftex.def)             Requested size: 507.88443pt x 718.29344pt.
 [1 <./Graphics/STP_semestralka02_zadani.pdf>]
LaTeX Font Info:    Trying to load font information for OT1+ztmcm on input line
 36.

(C:\Users\Filip_Jasek\AppData\Local\Programs\MiKTeX\tex/latex/psnfss\ot1ztmcm.f
d
File: ot1ztmcm.fd 2000/01/03 Fontinst v1.801 font definitions for OT1/ztmcm.
)
LaTeX Font Info:    Trying to load font information for OML+ztmcm on input line
 36.

(C:\Users\Filip_Jasek\AppData\Local\Programs\MiKTeX\tex/latex/psnfss\omlztmcm.f
d
File: omlztmcm.fd 2000/01/03 Fontinst v1.801 font definitions for OML/ztmcm.
)
LaTeX Font Info:    Trying to load font information for OMS+ztmcm on input line
 36.

(C:\Users\Filip_Jasek\AppData\Local\Programs\MiKTeX\tex/latex/psnfss\omsztmcm.f
d
File: omsztmcm.fd 2000/01/03 Fontinst v1.801 font definitions for OMS/ztmcm.
)
LaTeX Font Info:    Trying to load font information for OMX+ztmcm on input line
 36.

(C:\Users\Filip_Jasek\AppData\Local\Programs\MiKTeX\tex/latex/psnfss\omxztmcm.f
d
File: omxztmcm.fd 2000/01/03 Fontinst v1.801 font definitions for OMX/ztmcm.
)
LaTeX Font Info:    Font shape `OT1/ptm/bx/n' in size <10> not available
(Font)              Font shape `OT1/ptm/b/n' tried instead on input line 36.
LaTeX Font Info:    Font shape `OT1/ptm/bx/n' in size <7.4> not available
(Font)              Font shape `OT1/ptm/b/n' tried instead on input line 36.
LaTeX Font Info:    Font shape `OT1/ptm/bx/n' in size <6> not available
(Font)              Font shape `OT1/ptm/b/n' tried instead on input line 36.
LaTeX Font Info:    Trying to load font information for U+rsfs on input line 36
.

(C:\Users\Filip_Jasek\AppData\Local\Programs\MiKTeX\tex/latex/jknappen\ursfs.fd
File: ursfs.fd 1998/03/24 rsfs font definition file (jk)
)
Package epstopdf Info: Source file: <./Graphics/priklad_01_realizace.eps>
(epstopdf)                    date: 2022-06-27 11:18:49
(epstopdf)                    size: 34801 bytes
(epstopdf)             Output file: <./Graphics/priklad_01_realizace-eps-conver
ted-to.pdf>
(epstopdf)             Command: <miktex-epstopdf --outfile=./Graphics/priklad_0
1_realizace-eps-converted-to.pdf ./Graphics/priklad_01_realizace.eps>
(epstopdf)             \includegraphics on input line 69.
runsystem(miktex-epstopdf --outfile=./Graphics/priklad_01_realizace-eps-convert
ed-to.pdf ./Graphics/priklad_01_realizace.eps)...executed safely (allowed).

Package epstopdf Info: Result file: <./Graphics/priklad_01_realizace-eps-conver
ted-to.pdf>
(epstopdf)                    date: 2022-06-27 11:28:35
(epstopdf)                    size: 14722 bytes.


pdfTeX warning: pdflatex.exe (file ./Graphics/priklad_01_realizace-eps-converte
d-to.pdf): PDF inclusion: found PDF version <1.7>, but at most version <1.5> al
lowed
<./Graphics/priklad_01_realizace-eps-converted-to.pdf, id=140, 362.35374pt x 30
4.13625pt>
File: ./Graphics/priklad_01_realizace-eps-converted-to.pdf Graphic file (type p
df)
<use ./Graphics/priklad_01_realizace-eps-converted-to.pdf>
Package pdftex.def Info: ./Graphics/priklad_01_realizace-eps-converted-to.pdf  
used on input line 69.
(pdftex.def)             Requested size: 241.84842pt x 202.99521pt.
[2 <./Graphics/priklad_01_realizace-eps-converted-to.pdf>]
Package epstopdf Info: Source file: <./Graphics/priklad_01_porovnani_kovarianci
.eps>
(epstopdf)                    date: 2022-06-27 11:21:17
(epstopdf)                    size: 75271 bytes
(epstopdf)             Output file: <./Graphics/priklad_01_porovnani_kovarianci
-eps-converted-to.pdf>
(epstopdf)             Command: <miktex-epstopdf --outfile=./Graphics/priklad_0
1_porovnani_kovarianci-eps-converted-to.pdf ./Graphics/priklad_01_porovnani_kov
arianci.eps>
(epstopdf)             \includegraphics on input line 77.
runsystem(miktex-epstopdf --outfile=./Graphics/priklad_01_porovnani_kovarianci-
eps-converted-to.pdf ./Graphics/priklad_01_porovnani_kovarianci.eps)...executed
 safely (allowed).

Package epstopdf Info: Result file: <./Graphics/priklad_01_porovnani_kovarianci
-eps-converted-to.pdf>
(epstopdf)                    date: 2022-06-27 11:28:36
(epstopdf)                    size: 26601 bytes.


pdfTeX warning: pdflatex.exe (file ./Graphics/priklad_01_porovnani_kovarianci-e
ps-converted-to.pdf): PDF inclusion: found PDF version <1.7>, but at most versi
on <1.5> allowed
<./Graphics/priklad_01_porovnani_kovarianci-eps-converted-to.pdf, id=174, 371.3
875pt x 304.13625pt>
File: ./Graphics/priklad_01_porovnani_kovarianci-eps-converted-to.pdf Graphic f
ile (type pdf)
<use ./Graphics/priklad_01_porovnani_kovarianci-eps-converted-to.pdf>
Package pdftex.def Info: ./Graphics/priklad_01_porovnani_kovarianci-eps-convert
ed-to.pdf  used on input line 77.
(pdftex.def)             Requested size: 241.84842pt x 198.05746pt.

Underfull \hbox (badness 10000) in paragraph at lines 82--83

 []


Underfull \hbox (badness 10000) in paragraph at lines 92--93

 []

[3 <./Graphics/priklad_01_porovnani_kovarianci-eps-converted-to.pdf>]
Package epstopdf Info: Source file: <./Graphics/priklad_02_realizace_procesu.ep
s>
(epstopdf)                    date: 2022-06-27 11:21:46
(epstopdf)                    size: 31334 bytes
(epstopdf)             Output file: <./Graphics/priklad_02_realizace_procesu-ep
s-converted-to.pdf>
(epstopdf)             Command: <miktex-epstopdf --outfile=./Graphics/priklad_0
2_realizace_procesu-eps-converted-to.pdf ./Graphics/priklad_02_realizace_proces
u.eps>
(epstopdf)             \includegraphics on input line 101.
runsystem(miktex-epstopdf --outfile=./Graphics/priklad_02_realizace_procesu-eps
-converted-to.pdf ./Graphics/priklad_02_realizace_procesu.eps)...executed safel
y (allowed).

Package epstopdf Info: Result file: <./Graphics/priklad_02_realizace_procesu-ep
s-converted-to.pdf>
(epstopdf)                    date: 2022-06-27 11:28:36
(epstopdf)                    size: 13776 bytes.


pdfTeX warning: pdflatex.exe (file ./Graphics/priklad_02_realizace_procesu-eps-
converted-to.pdf): PDF inclusion: found PDF version <1.7>, but at most version 
<1.5> allowed
<./Graphics/priklad_02_realizace_procesu-eps-converted-to.pdf, id=186, 368.3762
5pt x 304.13625pt>
File: ./Graphics/priklad_02_realizace_procesu-eps-converted-to.pdf Graphic file
 (type pdf)
<use ./Graphics/priklad_02_realizace_procesu-eps-converted-to.pdf>
Package pdftex.def Info: ./Graphics/priklad_02_realizace_procesu-eps-converted-
to.pdf  used on input line 101.
(pdftex.def)             Requested size: 241.84842pt x 199.67244pt.
Package epstopdf Info: Source file: <./Graphics/priklad_02_porovnani_kovarianci
.eps>
(epstopdf)                    date: 2022-06-27 11:21:55
(epstopdf)                    size: 70639 bytes
(epstopdf)             Output file: <./Graphics/priklad_02_porovnani_kovarianci
-eps-converted-to.pdf>
(epstopdf)             Command: <miktex-epstopdf --outfile=./Graphics/priklad_0
2_porovnani_kovarianci-eps-converted-to.pdf ./Graphics/priklad_02_porovnani_kov
arianci.eps>
(epstopdf)             \includegraphics on input line 133.
runsystem(miktex-epstopdf --outfile=./Graphics/priklad_02_porovnani_kovarianci-
eps-converted-to.pdf ./Graphics/priklad_02_porovnani_kovarianci.eps)...executed
 safely (allowed).

Package epstopdf Info: Result file: <./Graphics/priklad_02_porovnani_kovarianci
-eps-converted-to.pdf>
(epstopdf)                    date: 2022-06-27 11:28:37
(epstopdf)                    size: 26574 bytes.


pdfTeX warning: pdflatex.exe (file ./Graphics/priklad_02_porovnani_kovarianci-e
ps-converted-to.pdf): PDF inclusion: found PDF version <1.7>, but at most versi
on <1.5> allowed
<./Graphics/priklad_02_porovnani_kovarianci-eps-converted-to.pdf, id=190, 374.3
9874pt x 304.13625pt>
File: ./Graphics/priklad_02_porovnani_kovarianci-eps-converted-to.pdf Graphic f
ile (type pdf)
<use ./Graphics/priklad_02_porovnani_kovarianci-eps-converted-to.pdf>
Package pdftex.def Info: ./Graphics/priklad_02_porovnani_kovarianci-eps-convert
ed-to.pdf  used on input line 133.
(pdftex.def)             Requested size: 241.84842pt x 196.46106pt.

Overfull \hbox (1.67274pt too wide) in paragraph at lines 130--136
[]\OT1/ptm/m/n/10 Pou[]zit[]m vztahu []12[] z[]sk[]ame ko-va-rian[]cn[] funk
ci. Vy-kres-len[]m od-had-nut[]e funkce spolu s te-o-re-ticky vypo[]ctenou z[]
sk[]ame
 []

[4 <./Graphics/priklad_02_realizace_procesu-eps-converted-to.pdf>] [5 <./Graphi
cs/priklad_02_porovnani_kovarianci-eps-converted-to.pdf>]
Package epstopdf Info: Source file: <./Graphics/priklad_03_realizace_procesu_X.
eps>
(epstopdf)                    date: 2022-06-27 11:23:31
(epstopdf)                    size: 36247 bytes
(epstopdf)             Output file: <./Graphics/priklad_03_realizace_procesu_X-
eps-converted-to.pdf>
(epstopdf)             Command: <miktex-epstopdf --outfile=./Graphics/priklad_0
3_realizace_procesu_X-eps-converted-to.pdf ./Graphics/priklad_03_realizace_proc
esu_X.eps>
(epstopdf)             \includegraphics on input line 143.
runsystem(miktex-epstopdf --outfile=./Graphics/priklad_03_realizace_procesu_X-e
ps-converted-to.pdf ./Graphics/priklad_03_realizace_procesu_X.eps)...executed s
afely (allowed).

Package epstopdf Info: Result file: <./Graphics/priklad_03_realizace_procesu_X-
eps-converted-to.pdf>
(epstopdf)                    date: 2022-06-27 11:28:38
(epstopdf)                    size: 14980 bytes.


pdfTeX warning: pdflatex.exe (file ./Graphics/priklad_03_realizace_procesu_X-ep
s-converted-to.pdf): PDF inclusion: found PDF version <1.7>, but at most versio
n <1.5> allowed
<./Graphics/priklad_03_realizace_procesu_X-eps-converted-to.pdf, id=228, 368.37
625pt x 308.15125pt>
File: ./Graphics/priklad_03_realizace_procesu_X-eps-converted-to.pdf Graphic fi
le (type pdf)
<use ./Graphics/priklad_03_realizace_procesu_X-eps-converted-to.pdf>
Package pdftex.def Info: ./Graphics/priklad_03_realizace_procesu_X-eps-converte
d-to.pdf  used on input line 143.
(pdftex.def)             Requested size: 241.84842pt x 202.30838pt.
LaTeX Font Info:    Font shape `OT1/ptm/bx/n' in size <9> not available
(Font)              Font shape `OT1/ptm/b/n' tried instead on input line 144.
LaTeX Font Info:    Font shape `OT1/ptm/bx/n' in size <7> not available
(Font)              Font shape `OT1/ptm/b/n' tried instead on input line 144.
LaTeX Font Info:    Font shape `OT1/ptm/bx/n' in size <5> not available
(Font)              Font shape `OT1/ptm/b/n' tried instead on input line 144.
Package epstopdf Info: Source file: <./Graphics/priklad_03_realizace_procesu_Z.
eps>
(epstopdf)                    date: 2022-06-27 11:23:32
(epstopdf)                    size: 36276 bytes
(epstopdf)             Output file: <./Graphics/priklad_03_realizace_procesu_Z-
eps-converted-to.pdf>
(epstopdf)             Command: <miktex-epstopdf --outfile=./Graphics/priklad_0
3_realizace_procesu_Z-eps-converted-to.pdf ./Graphics/priklad_03_realizace_proc
esu_Z.eps>
(epstopdf)             \includegraphics on input line 149.
runsystem(miktex-epstopdf --outfile=./Graphics/priklad_03_realizace_procesu_Z-e
ps-converted-to.pdf ./Graphics/priklad_03_realizace_procesu_Z.eps)...executed s
afely (allowed).

Package epstopdf Info: Result file: <./Graphics/priklad_03_realizace_procesu_Z-
eps-converted-to.pdf>
(epstopdf)                    date: 2022-06-27 11:28:39
(epstopdf)                    size: 14950 bytes.


pdfTeX warning: pdflatex.exe (file ./Graphics/priklad_03_realizace_procesu_Z-ep
s-converted-to.pdf): PDF inclusion: found PDF version <1.7>, but at most versio
n <1.5> allowed
<./Graphics/priklad_03_realizace_procesu_Z-eps-converted-to.pdf, id=229, 368.37
625pt x 308.15125pt>
File: ./Graphics/priklad_03_realizace_procesu_Z-eps-converted-to.pdf Graphic fi
le (type pdf)
<use ./Graphics/priklad_03_realizace_procesu_Z-eps-converted-to.pdf>
Package pdftex.def Info: ./Graphics/priklad_03_realizace_procesu_Z-eps-converte
d-to.pdf  used on input line 149.
(pdftex.def)             Requested size: 241.84842pt x 202.30838pt.

Overfull \hbox (1.90002pt too wide) in paragraph at lines 141--152
[]$[]$  $[]$ 
 []


Underfull \hbox (badness 10000) in paragraph at lines 173--175

 []

[6 <./Graphics/priklad_03_realizace_procesu_X-eps-converted-to.pdf> <./Graphics
/priklad_03_realizace_procesu_Z-eps-converted-to.pdf>]
Package epstopdf Info: Source file: <./Graphics/priklad_03_porovnani_E_X.eps>
(epstopdf)                    date: 2022-06-27 11:23:34
(epstopdf)                    size: 48769 bytes
(epstopdf)             Output file: <./Graphics/priklad_03_porovnani_E_X-eps-co
nverted-to.pdf>
(epstopdf)             Command: <miktex-epstopdf --outfile=./Graphics/priklad_0
3_porovnani_E_X-eps-converted-to.pdf ./Graphics/priklad_03_porovnani_E_X.eps>
(epstopdf)             \includegraphics on input line 200.
runsystem(miktex-epstopdf --outfile=./Graphics/priklad_03_porovnani_E_X-eps-con
verted-to.pdf ./Graphics/priklad_03_porovnani_E_X.eps)...executed safely (allow
ed).

Package epstopdf Info: Result file: <./Graphics/priklad_03_porovnani_E_X-eps-co
nverted-to.pdf>
(epstopdf)                    date: 2022-06-27 11:28:40
(epstopdf)                    size: 21906 bytes.


pdfTeX warning: pdflatex.exe (file ./Graphics/priklad_03_porovnani_E_X-eps-conv
erted-to.pdf): PDF inclusion: found PDF version <1.7>, but at most version <1.5
> allowed
<./Graphics/priklad_03_porovnani_E_X-eps-converted-to.pdf, id=263, 371.3875pt x
 308.15125pt>
File: ./Graphics/priklad_03_porovnani_E_X-eps-converted-to.pdf Graphic file (ty
pe pdf)
<use ./Graphics/priklad_03_porovnani_E_X-eps-converted-to.pdf>
Package pdftex.def Info: ./Graphics/priklad_03_porovnani_E_X-eps-converted-to.p
df  used on input line 200.
(pdftex.def)             Requested size: 241.84842pt x 200.67209pt.
Package epstopdf Info: Source file: <./Graphics/priklad_03_porovnani_E_Z.eps>
(epstopdf)                    date: 2022-06-27 11:23:36
(epstopdf)                    size: 48636 bytes
(epstopdf)             Output file: <./Graphics/priklad_03_porovnani_E_Z-eps-co
nverted-to.pdf>
(epstopdf)             Command: <miktex-epstopdf --outfile=./Graphics/priklad_0
3_porovnani_E_Z-eps-converted-to.pdf ./Graphics/priklad_03_porovnani_E_Z.eps>
(epstopdf)             \includegraphics on input line 206.
runsystem(miktex-epstopdf --outfile=./Graphics/priklad_03_porovnani_E_Z-eps-con
verted-to.pdf ./Graphics/priklad_03_porovnani_E_Z.eps)...executed safely (allow
ed).

Package epstopdf Info: Result file: <./Graphics/priklad_03_porovnani_E_Z-eps-co
nverted-to.pdf>
(epstopdf)                    date: 2022-06-27 11:28:41
(epstopdf)                    size: 21790 bytes.


pdfTeX warning: pdflatex.exe (file ./Graphics/priklad_03_porovnani_E_Z-eps-conv
erted-to.pdf): PDF inclusion: found PDF version <1.7>, but at most version <1.5
> allowed
<./Graphics/priklad_03_porovnani_E_Z-eps-converted-to.pdf, id=264, 363.3575pt x
 308.15125pt>
File: ./Graphics/priklad_03_porovnani_E_Z-eps-converted-to.pdf Graphic file (ty
pe pdf)
<use ./Graphics/priklad_03_porovnani_E_Z-eps-converted-to.pdf>
Package pdftex.def Info: ./Graphics/priklad_03_porovnani_E_Z-eps-converted-to.p
df  used on input line 206.
(pdftex.def)             Requested size: 241.84842pt x 205.10608pt.

Overfull \hbox (1.90002pt too wide) in paragraph at lines 198--209
[]$[]$  $[]$ 
 []

Package epstopdf Info: Source file: <./Graphics/priklad_03_porovnani_VAR_X.eps>

(epstopdf)                    date: 2022-06-27 11:23:37
(epstopdf)                    size: 50630 bytes
(epstopdf)             Output file: <./Graphics/priklad_03_porovnani_VAR_X-eps-
converted-to.pdf>
(epstopdf)             Command: <miktex-epstopdf --outfile=./Graphics/priklad_0
3_porovnani_VAR_X-eps-converted-to.pdf ./Graphics/priklad_03_porovnani_VAR_X.ep
s>
(epstopdf)             \includegraphics on input line 215.
runsystem(miktex-epstopdf --outfile=./Graphics/priklad_03_porovnani_VAR_X-eps-c
onverted-to.pdf ./Graphics/priklad_03_porovnani_VAR_X.eps)...executed safely (a
llowed).

Package epstopdf Info: Result file: <./Graphics/priklad_03_porovnani_VAR_X-eps-
converted-to.pdf>
(epstopdf)                    date: 2022-06-27 11:28:41
(epstopdf)                    size: 23115 bytes.


pdfTeX warning: pdflatex.exe (file ./Graphics/priklad_03_porovnani_VAR_X-eps-co
nverted-to.pdf): PDF inclusion: found PDF version <1.7>, but at most version <1
.5> allowed
<./Graphics/priklad_03_porovnani_VAR_X-eps-converted-to.pdf, id=265, 371.3875pt
 x 308.15125pt>
File: ./Graphics/priklad_03_porovnani_VAR_X-eps-converted-to.pdf Graphic file (
type pdf)
<use ./Graphics/priklad_03_porovnani_VAR_X-eps-converted-to.pdf>
Package pdftex.def Info: ./Graphics/priklad_03_porovnani_VAR_X-eps-converted-to
.pdf  used on input line 215.
(pdftex.def)             Requested size: 241.84842pt x 200.67209pt.
Package epstopdf Info: Source file: <./Graphics/priklad_03_porovnani_VAR_Z.eps>

(epstopdf)                    date: 2022-06-27 11:23:38
(epstopdf)                    size: 50977 bytes
(epstopdf)             Output file: <./Graphics/priklad_03_porovnani_VAR_Z-eps-
converted-to.pdf>
(epstopdf)             Command: <miktex-epstopdf --outfile=./Graphics/priklad_0
3_porovnani_VAR_Z-eps-converted-to.pdf ./Graphics/priklad_03_porovnani_VAR_Z.ep
s>
(epstopdf)             \includegraphics on input line 221.
runsystem(miktex-epstopdf --outfile=./Graphics/priklad_03_porovnani_VAR_Z-eps-c
onverted-to.pdf ./Graphics/priklad_03_porovnani_VAR_Z.eps)...executed safely (a
llowed).

Package epstopdf Info: Result file: <./Graphics/priklad_03_porovnani_VAR_Z-eps-
converted-to.pdf>
(epstopdf)                    date: 2022-06-27 11:28:42
(epstopdf)                    size: 23023 bytes.


pdfTeX warning: pdflatex.exe (file ./Graphics/priklad_03_porovnani_VAR_Z-eps-co
nverted-to.pdf): PDF inclusion: found PDF version <1.7>, but at most version <1
.5> allowed
<./Graphics/priklad_03_porovnani_VAR_Z-eps-converted-to.pdf, id=266, 374.39874p
t x 308.15125pt>
File: ./Graphics/priklad_03_porovnani_VAR_Z-eps-converted-to.pdf Graphic file (
type pdf)
<use ./Graphics/priklad_03_porovnani_VAR_Z-eps-converted-to.pdf>
Package pdftex.def Info: ./Graphics/priklad_03_porovnani_VAR_Z-eps-converted-to
.pdf  used on input line 221.
(pdftex.def)             Requested size: 241.84842pt x 199.0546pt.

Overfull \hbox (1.90002pt too wide) in paragraph at lines 213--224
[]$[]$  $[]$ 
 []

[7 <./Graphics/priklad_03_porovnani_E_X-eps-converted-to.pdf> <./Graphics/prikl
ad_03_porovnani_E_Z-eps-converted-to.pdf>] [8 <./Graphics/priklad_03_porovnani_
VAR_X-eps-converted-to.pdf> <./Graphics/priklad_03_porovnani_VAR_Z-eps-converte
d-to.pdf>] [9] (STP_semestralka02_referat.aux)
Package rerunfilecheck Info: File `STP_semestralka02_referat.out' has not chang
ed.
(rerunfilecheck)             Checksum: FCE5F8EC3AC73DE2A9A0E0C06DF6C2DC;2062.
 ) 
Here is how much of TeX's memory you used:
 37414 strings out of 478584
 889752 string characters out of 2841569
 1246057 words of memory out of 3000000
 54824 multiletter control sequences out of 15000+600000
 508809 words of font info for 105 fonts, out of 8000000 for 9000
 1141 hyphenation exceptions out of 8191
 99i,18n,117p,749b,656s stack positions out of 5000i,500n,10000p,200000b,80000s
{C:/Users/Filip_Jasek/AppData/Local/Programs/MiKTeX/fonts/enc/dvips/base/8r.e
nc}<C:/Users/Filip_Jasek/AppData/Local/Programs/MiKTeX/fonts/type1/public/amsfo
nts/cm/cmex10.pfb><C:/Users/Filip_Jasek/AppData/Local/Programs/MiKTeX/fonts/typ
e1/public/amsfonts/cm/cmmi10.pfb><C:/Users/Filip_Jasek/AppData/Local/Programs/M
iKTeX/fonts/type1/public/amsfonts/cm/cmmi12.pfb><C:/Users/Filip_Jasek/AppData/L
ocal/Programs/MiKTeX/fonts/type1/public/amsfonts/cm/cmmi8.pfb><C:/Users/Filip_J
asek/AppData/Local/Programs/MiKTeX/fonts/type1/public/amsfonts/cm/cmr10.pfb><C:
/Users/Filip_Jasek/AppData/Local/Programs/MiKTeX/fonts/type1/public/amsfonts/cm
/cmr12.pfb><C:/Users/Filip_Jasek/AppData/Local/Programs/MiKTeX/fonts/type1/publ
ic/amsfonts/cm/cmr8.pfb><C:/Users/Filip_Jasek/AppData/Local/Programs/MiKTeX/fon
ts/type1/public/amsfonts/cm/cmss12.pfb><C:/Users/Filip_Jasek/AppData/Local/Prog
rams/MiKTeX/fonts/type1/public/amsfonts/cm/cmsy10.pfb><C:/Users/Filip_Jasek/App
Data/Local/Programs/MiKTeX/fonts/type1/public/amsfonts/cm/cmsy8.pfb><C:/Users/F
ilip_Jasek/AppData/Local/Programs/MiKTeX/fonts/type1/public/amsfonts/symbols/ms
bm10.pfb><C:/Users/Filip_Jasek/AppData/Local/Programs/MiKTeX/fonts/type1/urw/he
lvetic/uhvr8a.pfb><C:/Users/Filip_Jasek/AppData/Local/Programs/MiKTeX/fonts/typ
e1/urw/symbol/usyr.pfb><C:/Users/Filip_Jasek/AppData/Local/Programs/MiKTeX/font
s/type1/urw/symbol/usyr.pfb><C:/Users/Filip_Jasek/AppData/Local/Programs/MiKTeX
/fonts/type1/urw/times/utmb8a.pfb><C:/Users/Filip_Jasek/AppData/Local/Programs/
MiKTeX/fonts/type1/urw/times/utmr8a.pfb><C:/Users/Filip_Jasek/AppData/Local/Pro
grams/MiKTeX/fonts/type1/urw/times/utmri8a.pfb>
Output written on STP_semestralka02_referat.pdf (10 pages, 690570 bytes).
PDF statistics:
 387 PDF objects out of 1000 (max. 8388607)
 76 named destinations out of 1000 (max. 500000)
 192 words of extra memory for PDF output out of 10000 (max. 10000000)

